The system is: Windows - 10.0.19042 - AMD64
Compiling the C compiler identification source file "CMakeCCompilerId.c" succeeded.
Compiler: C:/Program Files (x86)/Microsoft Visual Studio/2019/Community/VC/Tools/MSVC/14.26.28801/bin/Hostx86/x86/cl.exe 
Build flags: 
Id flags:  

The output was:
0
Microsoft (R) C/C++ Optimizing Compiler Version 19.26.28805 for x86
Copyright (C) Microsoft Corporation.  All rights reserved.

CMakeCCompilerId.c
Microsoft (R) Incremental Linker Version 14.26.28805.0
Copyright (C) Microsoft Corporation.  All rights reserved.

/out:CMakeCCompilerId.exe 
CMakeCCompilerId.obj 


Compilation of the C compiler identification source "CMakeCCompilerId.c" produced "CMakeCCompilerId.exe"

Compilation of the C compiler identification source "CMakeCCompilerId.c" produced "CMakeCCompilerId.obj"

The C compiler identification is MSVC, found in "C:/Users/andre/OneDrive/Documents/GitHub/a3-4-AndreiFabianPop/cmake-build-debug/CMakeFiles/3.20.2/CompilerIdC/CMakeCCompilerId.exe"

Compiling the CXX compiler identification source file "CMakeCXXCompilerId.cpp" succeeded.
Compiler: C:/Program Files (x86)/Microsoft Visual Studio/2019/Community/VC/Tools/MSVC/14.26.28801/bin/Hostx86/x86/cl.exe 
Build flags: 
Id flags:  

The output was:
0
Microsoft (R) C/C++ Optimizing Compiler Version 19.26.28805 for x86
Copyright (C) Microsoft Corporation.  All rights reserved.

CMakeCXXCompilerId.cpp
Microsoft (R) Incremental Linker Version 14.26.28805.0
Copyright (C) Microsoft Corporation.  All rights reserved.

/out:CMakeCXXCompilerId.exe 
CMakeCXXCompilerId.obj 


Compilation of the CXX compiler identification source "CMakeCXXCompilerId.cpp" produced "CMakeCXXCompilerId.exe"

Compilation of the CXX compiler identification source "CMakeCXXCompilerId.cpp" produced "CMakeCXXCompilerId.obj"

The CXX compiler identification is MSVC, found in "C:/Users/andre/OneDrive/Documents/GitHub/a3-4-AndreiFabianPop/cmake-build-debug/CMakeFiles/3.20.2/CompilerIdCXX/CMakeCXXCompilerId.exe"

Detecting C compiler ABI info compiled with the following output:
Change Dir: C:/Users/andre/OneDrive/Documents/GitHub/a3-4-AndreiFabianPop/cmake-build-debug/CMakeFiles/CMakeTmp

Run Build Command(s):nmake -f Makefile /nologo cmTC_f7395\fast && 	"C:\Program Files (x86)\Microsoft Visual Studio\2019\Community\VC\Tools\MSVC\14.26.28801\bin\HostX86\x86\nmake.exe"  -f CMakeFiles\cmTC_f7395.dir\build.make /nologo -L                  CMakeFiles\cmTC_f7395.dir\build
Building C object CMakeFiles/cmTC_f7395.dir/CMakeCCompilerABI.c.obj
	"C:\Program Files\JetBrains\CLion 2021.2.3\bin\cmake\win\bin\cmake.exe" -E cmake_cl_compile_depends --dep-file=CMakeFiles\cmTC_f7395.dir\CMakeCCompilerABI.c.obj.d --working-dir=C:\Users\andre\OneDrive\Documents\GitHub\a3-4-AndreiFabianPop\cmake-build-debug\CMakeFiles\CMakeTmp --filter-prefix="" -- C:\PROGRA~2\MICROS~1\2019\COMMUN~1\VC\Tools\MSVC\1426~1.288\bin\Hostx86\x86\cl.exe @C:\Users\andre\AppData\Local\Temp\nmF6A4.tmp
Linking C executable cmTC_f7395.exe
	"C:\Program Files\JetBrains\CLion 2021.2.3\bin\cmake\win\bin\cmake.exe" -E vs_link_exe --intdir=CMakeFiles\cmTC_f7395.dir --rc=C:\PROGRA~2\WI3CF2~1\10\bin\100183~1.0\x86\rc.exe --mt=C:\PROGRA~2\WI3CF2~1\10\bin\100183~1.0\x86\mt.exe --manifests -- C:\PROGRA~2\MICROS~1\2019\COMMUN~1\VC\Tools\MSVC\1426~1.288\bin\Hostx86\x86\link.exe /nologo @CMakeFiles\cmTC_f7395.dir\objects1.rsp @C:\Users\andre\AppData\Local\Temp\nmF8A9.tmp



Detecting CXX compiler ABI info compiled with the following output:
Change Dir: C:/Users/andre/OneDrive/Documents/GitHub/a3-4-AndreiFabianPop/cmake-build-debug/CMakeFiles/CMakeTmp

Run Build Command(s):nmake -f Makefile /nologo cmTC_57ac8\fast && 	"C:\Program Files (x86)\Microsoft Visual Studio\2019\Community\VC\Tools\MSVC\14.26.28801\bin\HostX86\x86\nmake.exe"  -f CMakeFiles\cmTC_57ac8.dir\build.make /nologo -L                  CMakeFiles\cmTC_57ac8.dir\build
Building CXX object CMakeFiles/cmTC_57ac8.dir/CMakeCXXCompilerABI.cpp.obj
	"C:\Program Files\JetBrains\CLion 2021.2.3\bin\cmake\win\bin\cmake.exe" -E cmake_cl_compile_depends --dep-file=CMakeFiles\cmTC_57ac8.dir\CMakeCXXCompilerABI.cpp.obj.d --working-dir=C:\Users\andre\OneDrive\Documents\GitHub\a3-4-AndreiFabianPop\cmake-build-debug\CMakeFiles\CMakeTmp --filter-prefix="" -- C:\PROGRA~2\MICROS~1\2019\COMMUN~1\VC\Tools\MSVC\1426~1.288\bin\Hostx86\x86\cl.exe @C:\Users\andre\AppData\Local\Temp\nmFF11.tmp
Linking CXX executable cmTC_57ac8.exe
	"C:\Program Files\JetBrains\CLion 2021.2.3\bin\cmake\win\bin\cmake.exe" -E vs_link_exe --intdir=CMakeFiles\cmTC_57ac8.dir --rc=C:\PROGRA~2\WI3CF2~1\10\bin\100183~1.0\x86\rc.exe --mt=C:\PROGRA~2\WI3CF2~1\10\bin\100183~1.0\x86\mt.exe --manifests -- C:\PROGRA~2\MICROS~1\2019\COMMUN~1\VC\Tools\MSVC\1426~1.288\bin\Hostx86\x86\link.exe /nologo @CMakeFiles\cmTC_57ac8.dir\objects1.rsp @C:\Users\andre\AppData\Local\Temp\nm2B.tmp



The system is: Windows - 10.0.19042 - AMD64
Compiling the C compiler identification source file "CMakeCCompilerId.c" succeeded.
Compiler: C:/Program Files (x86)/Microsoft Visual Studio/2019/Community/VC/Tools/MSVC/14.26.28801/bin/Hostx86/x86/cl.exe 
Build flags: /DWIN32;/D_WINDOWS
Id flags:  

The output was:
0
Microsoft (R) C/C++ Optimizing Compiler Version 19.26.28805 for x86
Copyright (C) Microsoft Corporation.  All rights reserved.

CMakeCCompilerId.c
Microsoft (R) Incremental Linker Version 14.26.28805.0
Copyright (C) Microsoft Corporation.  All rights reserved.

/out:CMakeCCompilerId.exe 
CMakeCCompilerId.obj 


Compilation of the C compiler identification source "CMakeCCompilerId.c" produced "CMakeCCompilerId.exe"

Compilation of the C compiler identification source "CMakeCCompilerId.c" produced "CMakeCCompilerId.obj"

The C compiler identification is MSVC, found in "C:/Users/andre/OneDrive/Documents/GitHub/a3-4-AndreiFabianPop/cmake-build-debug/CMakeFiles/3.21.1/CompilerIdC/CMakeCCompilerId.exe"

Compiling the CXX compiler identification source file "CMakeCXXCompilerId.cpp" succeeded.
Compiler: C:/Program Files (x86)/Microsoft Visual Studio/2019/Community/VC/Tools/MSVC/14.26.28801/bin/Hostx86/x86/cl.exe 
Build flags: /DWIN32;/D_WINDOWS;/EHsc
Id flags:  

The output was:
0
Microsoft (R) C/C++ Optimizing Compiler Version 19.26.28805 for x86
Copyright (C) Microsoft Corporation.  All rights reserved.

CMakeCXXCompilerId.cpp
Microsoft (R) Incremental Linker Version 14.26.28805.0
Copyright (C) Microsoft Corporation.  All rights reserved.

/out:CMakeCXXCompilerId.exe 
CMakeCXXCompilerId.obj 


Compilation of the CXX compiler identification source "CMakeCXXCompilerId.cpp" produced "CMakeCXXCompilerId.exe"

Compilation of the CXX compiler identification source "CMakeCXXCompilerId.cpp" produced "CMakeCXXCompilerId.obj"

The CXX compiler identification is MSVC, found in "C:/Users/andre/OneDrive/Documents/GitHub/a3-4-AndreiFabianPop/cmake-build-debug/CMakeFiles/3.21.1/CompilerIdCXX/CMakeCXXCompilerId.exe"

Detecting C compiler ABI info compiled with the following output:
Change Dir: C:/Users/andre/OneDrive/Documents/GitHub/a3-4-AndreiFabianPop/cmake-build-debug/CMakeFiles/CMakeTmp

Run Build Command(s):nmake -f Makefile /nologo cmTC_bb4d1\fast && 	"C:\Program Files (x86)\Microsoft Visual Studio\2019\Community\VC\Tools\MSVC\14.26.28801\bin\HostX86\x86\nmake.exe"  -f CMakeFiles\cmTC_bb4d1.dir\build.make /nologo -L                  CMakeFiles\cmTC_bb4d1.dir\build
Building C object CMakeFiles/cmTC_bb4d1.dir/CMakeCCompilerABI.c.obj
	"C:\Program Files\JetBrains\CLion 2021.2.3\bin\cmake\win\bin\cmake.exe" -E cmake_cl_compile_depends --dep-file=CMakeFiles\cmTC_bb4d1.dir\CMakeCCompilerABI.c.obj.d --working-dir=C:\Users\andre\OneDrive\Documents\GitHub\a3-4-AndreiFabianPop\cmake-build-debug\CMakeFiles\CMakeTmp --filter-prefix="" -- C:\PROGRA~2\MICROS~1\2019\COMMUN~1\VC\Tools\MSVC\1426~1.288\bin\Hostx86\x86\cl.exe @C:\Users\andre\AppData\Local\Temp\nmE5F3.tmp
Linking C executable cmTC_bb4d1.exe
	"C:\Program Files\JetBrains\CLion 2021.2.3\bin\cmake\win\bin\cmake.exe" -E vs_link_exe --intdir=CMakeFiles\cmTC_bb4d1.dir --rc=C:\PROGRA~2\WI3CF2~1\10\bin\100183~1.0\x86\rc.exe --mt=C:\PROGRA~2\WI3CF2~1\10\bin\100183~1.0\x86\mt.exe --manifests -- C:\PROGRA~2\MICROS~1\2019\COMMUN~1\VC\Tools\MSVC\1426~1.288\bin\Hostx86\x86\link.exe /nologo @CMakeFiles\cmTC_bb4d1.dir\objects1.rsp @C:\Users\andre\AppData\Local\Temp\nmE8A4.tmp



Detecting CXX compiler ABI info compiled with the following output:
Change Dir: C:/Users/andre/OneDrive/Documents/GitHub/a3-4-AndreiFabianPop/cmake-build-debug/CMakeFiles/CMakeTmp

Run Build Command(s):nmake -f Makefile /nologo cmTC_97f83\fast && 	"C:\Program Files (x86)\Microsoft Visual Studio\2019\Community\VC\Tools\MSVC\14.26.28801\bin\HostX86\x86\nmake.exe"  -f CMakeFiles\cmTC_97f83.dir\build.make /nologo -L                  CMakeFiles\cmTC_97f83.dir\build
Building CXX object CMakeFiles/cmTC_97f83.dir/CMakeCXXCompilerABI.cpp.obj
	"C:\Program Files\JetBrains\CLion 2021.2.3\bin\cmake\win\bin\cmake.exe" -E cmake_cl_compile_depends --dep-file=CMakeFiles\cmTC_97f83.dir\CMakeCXXCompilerABI.cpp.obj.d --working-dir=C:\Users\andre\OneDrive\Documents\GitHub\a3-4-AndreiFabianPop\cmake-build-debug\CMakeFiles\CMakeTmp --filter-prefix="" -- C:\PROGRA~2\MICROS~1\2019\COMMUN~1\VC\Tools\MSVC\1426~1.288\bin\Hostx86\x86\cl.exe @C:\Users\andre\AppData\Local\Temp\nmF17C.tmp
Linking CXX executable cmTC_97f83.exe
	"C:\Program Files\JetBrains\CLion 2021.2.3\bin\cmake\win\bin\cmake.exe" -E vs_link_exe --intdir=CMakeFiles\cmTC_97f83.dir --rc=C:\PROGRA~2\WI3CF2~1\10\bin\100183~1.0\x86\rc.exe --mt=C:\PROGRA~2\WI3CF2~1\10\bin\100183~1.0\x86\mt.exe --manifests -- C:\PROGRA~2\MICROS~1\2019\COMMUN~1\VC\Tools\MSVC\1426~1.288\bin\Hostx86\x86\link.exe /nologo @CMakeFiles\cmTC_97f83.dir\objects1.rsp @C:\Users\andre\AppData\Local\Temp\nmF297.tmp



