[-1, if ]
[-1, ( ]
[[80, 0], num]
[-1, <= ]
[[49, 0], 1]
[-1, ) ]
[-1, { ]
[-1, return ]
[-1, false ]
[-1, ; ]
[-1, } ]
[-1, if ]
[-1, ( ]
[[80, 0], num]
[-1, <= ]
[[51, 0], 3]
[-1, ) ]
[-1, { ]
[-1, return ]
[-1, true ]
[-1, ; ]
[-1, } ]
[-1, if ]
[-1, ( ]
[[80, 0], num]
[-1, % ]
[[50, 0], 2]
[-1, == ]
[[48, 0], 0]
[-1, || ]
[[80, 0], num]
[-1, % ]
[[51, 0], 3]
[-1, == ]
[[48, 0], 0]
[-1, ) ]
[-1, { ]
[-1, return ]
[-1, false ]
[-1, ; ]
[-1, } ]
[-1, for ]
[-1, ( ]
[-1, int ]
[[105, 0], i]
[-1, = ]
[[53, 0], 5]
[-1, ; ]
[[105, 0], i]
[-1, * ]
[[105, 0], i]
[-1, <= ]
[[80, 0], num]
[-1, ; ]
[[105, 0], i]
[-1, + ]
[-1, = ]
[[54, 0], 6]
[-1, ) ]
[-1, { ]
[-1, if ]
[-1, ( ]
[[80, 0], num]
[-1, % ]
[[105, 0], i]
[-1, == ]
[[48, 0], 0]
[-1, || ]
[[80, 0], num]
[-1, % ]
[-1, ( ]
[[105, 0], i]
[-1, + ]
[[50, 0], 2]
[-1, ) ]
[-1, == ]
[[48, 0], 0]
[-1, ) ]
[-1, { ]
[-1, return ]
[-1, false ]
[-1, ; ]
[-1, } ]
[-1, } ]
[[217, 0], ax]
[-1, = ]
[[217, 1], xa]
[-1, if ]
[-1, ( ]
[[97, 0], a]
[-1, >= ]
[[98, 0], b]
[-1, && ]
[[97, 0], a]
[-1, >= ]
[[99, 0], c]
[-1, ) ]
[-1, { ]
[-1, return ]
[[97, 0], a]
[-1, ; ]
[-1, } ]
[-1, else ]
[-1, if ]
[-1, ( ]
[[98, 0], b]
[-1, >= ]
[[97, 0], a]
[-1, && ]
[[98, 0], b]
[-1, >= ]
[[99, 0], c]
[-1, ) ]
[-1, { ]
[-1, return ]
[[98, 0], b]
[-1, ; ]
[-1, } ]
[-1, else ]
[-1, { ]
[-1, return ]
[[99, 0], c]
[-1, ; ]
[-1, } ]
[-1, if ]
[-1, ( ]
[[97, 0], a]
[-1, <= ]
[[98, 0], b]
[-1, && ]
[[97, 0], a]
[-1, <= ]
[[99, 0], c]
[-1, ) ]
[-1, { ]
[-1, return ]
[[97, 0], a]
[-1, ; ]
[-1, } ]
[-1, else ]
[-1, if ]
[-1, ( ]
[[98, 0], b]
[-1, <= ]
[[97, 0], a]
[-1, && ]
[[98, 0], b]
[-1, <= ]
[[99, 0], c]
[-1, ) ]
[-1, { ]
[-1, return ]
[[98, 0], b]
[-1, ; ]
[-1, } ]
[-1, else ]
[-1, { ]
[-1, return ]
[[99, 0], c]
[-1, ; ]
[-1, } ]
[-1, int ]
[[85, 0], sum]
[-1, = ]
[[48, 0], 0]
[-1, ; ]
[-1, for ]
[-1, ( ]
[-1, int ]
[[105, 0], i]
[-1, = ]
[[48, 0], 0]
[-1, ; ]
[[105, 0], i]
[-1, < ]
[[110, 0], n]
[-1, ; ]
[[105, 0], i]
[-1, + ]
[-1, + ]
[-1, ) ]
[-1, { ]
[[85, 0], sum]
[-1, + ]
[-1, = ]
[[252, 0], numbers]
[-1, [ ]
[[105, 0], i]
[-1, ] ]
[-1, ; ]
[-1, } ]
[-1, int ]
[[70, 0], max]
[-1, = ]
[[252, 0], numbers]
[-1, [ ]
[[48, 0], 0]
[-1, ] ]
[-1, ; ]
[-1, for ]
[-1, ( ]
[-1, int ]
[[105, 0], i]
[-1, = ]
[[49, 0], 1]
[-1, ; ]
[[105, 0], i]
[-1, < ]
[[110, 0], n]
[-1, ; ]
[[105, 0], i]
[-1, + ]
[-1, + ]
[-1, ) ]
[-1, { ]
[-1, if ]
[-1, ( ]
[[252, 0], numbers]
[-1, [ ]
[[105, 0], i]
[-1, ] ]
[-1, > ]
[[70, 0], max]
[-1, ) ]
[-1, { ]
[[70, 0], max]
[-1, = ]
[[252, 0], numbers]
[-1, [ ]
[[105, 0], i]
[-1, ] ]
[-1, ; ]
[-1, } ]
[-1, } ]
[-1, int ]
[[68, 0], min]
[-1, = ]
[[252, 0], numbers]
[-1, [ ]
[[48, 0], 0]
[-1, ] ]
[-1, ; ]
[-1, for ]
[-1, ( ]
[-1, int ]
[[105, 0], i]
[-1, = ]
[[49, 0], 1]
[-1, ; ]
[[105, 0], i]
[-1, < ]
[[110, 0], n]
[-1, ; ]
[[105, 0], i]
[-1, + ]
[-1, + ]
[-1, ) ]
[-1, { ]
[-1, if ]
[-1, ( ]
[[252, 0], numbers]
[-1, [ ]
[[105, 0], i]
[-1, ] ]
[-1, < ]
[[68, 0], min]
[-1, ) ]
[-1, { ]
[[68, 0], min]
[-1, = ]
[[252, 0], numbers]
[-1, [ ]
[[105, 0], i]
[-1, ] ]
[-1, ; ]
[-1, } ]
[-1, } ]
